20:17:17:148 [ALWAYS]	GUDE Logging Started
20:17:17:149 [INFO]	SqliteResumeCache::SqliteResumeCache basedirectory is null/empty
20:17:17:149 [ERROR]	SqliteResumeCache::CreateSqliteResumeCache creating resume cache pointer failure
20:17:17:149 [ERROR]	Initialize resume cache pointer failure
20:17:17:150 [INFO]	gude policy POLICY_USER limit (4,4,1) chunk 2097152, chunking (UL 0 DL 1), resXfer 1, adapt 0, NSURL 1, timeout 86400 
20:17:17:150 [INFO]	Initialized -- gude-lib version: v0.12.1 app: gude
20:17:19:170 [WARN]	Request Failed. ErrorCode: 112029 errorMessage: Platform Status, Send Request Failed. WinHTTP Cannot Connect. last error code = 12029 
20:17:21:174 [WARN]	Request Failed. ErrorCode: 112029 errorMessage: Platform Status, Send Request Failed. WinHTTP Cannot Connect. last error code = 12029 
20:17:27:178 [WARN]	Request Failed. ErrorCode: 112029 errorMessage: Platform Status, Send Request Failed. WinHTTP Cannot Connect. last error code = 12029 
20:17:39:183 [WARN]	Request Failed. ErrorCode: 112029 errorMessage: Platform Status, Send Request Failed. WinHTTP Cannot Connect. last error code = 12029 
20:17:47:195 [WARN]	Request Failed. ErrorCode: 112029 errorMessage: Platform Status, Send Request Failed. WinHTTP Cannot Connect. last error code = 12029 
20:17:49:206 [WARN]	Request Failed. ErrorCode: 112029 errorMessage: Platform Status, Send Request Failed. WinHTTP Cannot Connect. last error code = 12029 
20:18:13:209 [WARN]	Request Failed. ErrorCode: 112029 errorMessage: Platform Status, Send Request Failed. WinHTTP Cannot Connect. last error code = 12029 
20:18:57:229 [WARN]	Request Failed. ErrorCode: 112029 errorMessage: Platform Status, Send Request Failed. WinHTTP Cannot Connect. last error code = 12029 
20:19:25:234 [WARN]	Request Failed. ErrorCode: 112029 errorMessage: Platform Status, Send Request Failed. WinHTTP Cannot Connect. last error code = 12029 
20:20:01:254 [WARN]	Request Failed. ErrorCode: 112029 errorMessage: Platform Status, Send Request Failed. WinHTTP Cannot Connect. last error code = 12029 
20:20:33:264 [WARN]	Request Failed. ErrorCode: 112029 errorMessage: Platform Status, Send Request Failed. WinHTTP Cannot Connect. last error code = 12029 
20:20:51:269 [WARN]	Request Failed. ErrorCode: 112029 errorMessage: Platform Status, Send Request Failed. WinHTTP Cannot Connect. last error code = 12029 
20:21:25:278 [WARN]	Request Failed. ErrorCode: 112029 errorMessage: Platform Status, Send Request Failed. WinHTTP Cannot Connect. last error code = 12029 
20:21:59:295 [WARN]	Request Failed. ErrorCode: 112029 errorMessage: Platform Status, Send Request Failed. WinHTTP Cannot Connect. last error code = 12029 
20:22:53:304 [WARN]	Request Failed. ErrorCode: 112029 errorMessage: Platform Status, Send Request Failed. WinHTTP Cannot Connect. last error code = 12029 
20:23:11:309 [WARN]	Request Failed. ErrorCode: 112029 errorMessage: Platform Status, Send Request Failed. WinHTTP Cannot Connect. last error code = 12029 
20:23:33:333 [WARN]	Request Failed. ErrorCode: 112029 errorMessage: Platform Status, Send Request Failed. WinHTTP Cannot Connect. last error code = 12029 
20:24:11:338 [WARN]	Request Failed. ErrorCode: 112029 errorMessage: Platform Status, Send Request Failed. WinHTTP Cannot Connect. last error code = 12029 
20:24:23:354 [WARN]	Request Failed. ErrorCode: 112029 errorMessage: Platform Status, Send Request Failed. WinHTTP Cannot Connect. last error code = 12029 
20:25:17:383 [WARN]	Request Failed. ErrorCode: 112029 errorMessage: Platform Status, Send Request Failed. WinHTTP Cannot Connect. last error code = 12029 
20:26:13:401 [WARN]	Request Failed. ErrorCode: 112029 errorMessage: Platform Status, Send Request Failed. WinHTTP Cannot Connect. last error code = 12029 
20:26:27:406 [WARN]	Request Failed. ErrorCode: 112029 errorMessage: Platform Status, Send Request Failed. WinHTTP Cannot Connect. last error code = 12029 
20:26:51:410 [WARN]	Request Failed. ErrorCode: 112029 errorMessage: Platform Status, Send Request Failed. WinHTTP Cannot Connect. last error code = 12029 
20:27:51:413 [WARN]	Request Failed. ErrorCode: 112029 errorMessage: Platform Status, Send Request Failed. WinHTTP Cannot Connect. last error code = 12029 
20:28:41:427 [WARN]	Request Failed. ErrorCode: 112029 errorMessage: Platform Status, Send Request Failed. WinHTTP Cannot Connect. last error code = 12029 
20:28:49:432 [WARN]	Request Failed. ErrorCode: 112029 errorMessage: Platform Status, Send Request Failed. WinHTTP Cannot Connect. last error code = 12029 
20:29:49:447 [WARN]	Request Failed. ErrorCode: 112029 errorMessage: Platform Status, Send Request Failed. WinHTTP Cannot Connect. last error code = 12029 
20:30:15:450 [WARN]	Request Failed. ErrorCode: 112029 errorMessage: Platform Status, Send Request Failed. WinHTTP Cannot Connect. last error code = 12029 
20:31:11:475 [WARN]	Request Failed. ErrorCode: 112029 errorMessage: Platform Status, Send Request Failed. WinHTTP Cannot Connect. last error code = 12029 
20:31:23:484 [WARN]	Request Failed. ErrorCode: 112029 errorMessage: Platform Status, Send Request Failed. WinHTTP Cannot Connect. last error code = 12029 
20:32:09:505 [WARN]	Request Failed. ErrorCode: 112029 errorMessage: Platform Status, Send Request Failed. WinHTTP Cannot Connect. last error code = 12029 
20:32:23:510 [WARN]	Request Failed. ErrorCode: 112029 errorMessage: Platform Status, Send Request Failed. WinHTTP Cannot Connect. last error code = 12029 
20:33:23:540 [WARN]	Request Failed. ErrorCode: 112029 errorMessage: Platform Status, Send Request Failed. WinHTTP Cannot Connect. last error code = 12029 
20:34:01:555 [WARN]	Request Failed. ErrorCode: 112029 errorMessage: Platform Status, Send Request Failed. WinHTTP Cannot Connect. last error code = 12029 
20:34:37:577 [WARN]	Request Failed. ErrorCode: 112029 errorMessage: Platform Status, Send Request Failed. WinHTTP Cannot Connect. last error code = 12029 
20:35:03:581 [WARN]	Request Failed. ErrorCode: 112029 errorMessage: Platform Status, Send Request Failed. WinHTTP Cannot Connect. last error code = 12029 
20:35:19:591 [WARN]	Request Failed. ErrorCode: 112029 errorMessage: Platform Status, Send Request Failed. WinHTTP Cannot Connect. last error code = 12029 
20:35:25:606 [WARN]	Request Failed. ErrorCode: 112029 errorMessage: Platform Status, Send Request Failed. WinHTTP Cannot Connect. last error code = 12029 
20:36:19:621 [WARN]	Request Failed. ErrorCode: 112029 errorMessage: Platform Status, Send Request Failed. WinHTTP Cannot Connect. last error code = 12029 
20:36:41:642 [WARN]	Request Failed. ErrorCode: 112029 errorMessage: Platform Status, Send Request Failed. WinHTTP Cannot Connect. last error code = 12029 
20:36:53:651 [WARN]	Request Failed. ErrorCode: 112029 errorMessage: Platform Status, Send Request Failed. WinHTTP Cannot Connect. last error code = 12029 
20:37:55:672 [WARN]	Request Failed. ErrorCode: 112029 errorMessage: Platform Status, Send Request Failed. WinHTTP Cannot Connect. last error code = 12029 
20:38:01:677 [WARN]	Request Failed. ErrorCode: 112029 errorMessage: Platform Status, Send Request Failed. WinHTTP Cannot Connect. last error code = 12029 
20:38:53:690 [WARN]	Request Failed. ErrorCode: 112029 errorMessage: Platform Status, Send Request Failed. WinHTTP Cannot Connect. last error code = 12029 
20:39:51:700 [WARN]	Request Failed. ErrorCode: 112029 errorMessage: Platform Status, Send Request Failed. WinHTTP Cannot Connect. last error code = 12029 
20:40:09:705 [WARN]	Request Failed. ErrorCode: 112029 errorMessage: Platform Status, Send Request Failed. WinHTTP Cannot Connect. last error code = 12029 
20:40:57:719 [WARN]	Request Failed. ErrorCode: 112029 errorMessage: Platform Status, Send Request Failed. WinHTTP Cannot Connect. last error code = 12029 
20:41:07:732 [WARN]	Request Failed. ErrorCode: 112029 errorMessage: Platform Status, Send Request Failed. WinHTTP Cannot Connect. last error code = 12029 
20:42:09:752 [WARN]	Request Failed. ErrorCode: 112029 errorMessage: Platform Status, Send Request Failed. WinHTTP Cannot Connect. last error code = 12029 
20:43:07:766 [WARN]	Request Failed. ErrorCode: 112029 errorMessage: Platform Status, Send Request Failed. WinHTTP Cannot Connect. last error code = 12029 
20:43:47:770 [WARN]	Request Failed. ErrorCode: 112029 errorMessage: Platform Status, Send Request Failed. WinHTTP Cannot Connect. last error code = 12029 
20:44:09:782 [WARN]	Request Failed. ErrorCode: 112029 errorMessage: Platform Status, Send Request Failed. WinHTTP Cannot Connect. last error code = 12029 
20:45:05:796 [WARN]	Request Failed. ErrorCode: 112029 errorMessage: Platform Status, Send Request Failed. WinHTTP Cannot Connect. last error code = 12029 
20:45:49:813 [WARN]	Request Failed. ErrorCode: 112029 errorMessage: Platform Status, Send Request Failed. WinHTTP Cannot Connect. last error code = 12029 
20:46:31:824 [WARN]	Request Failed. ErrorCode: 112029 errorMessage: Platform Status, Send Request Failed. WinHTTP Cannot Connect. last error code = 12029 
20:46:41:828 [WARN]	Request Failed. ErrorCode: 112029 errorMessage: Platform Status, Send Request Failed. WinHTTP Cannot Connect. last error code = 12029 
20:47:35:848 [WARN]	Request Failed. ErrorCode: 112029 errorMessage: Platform Status, Send Request Failed. WinHTTP Cannot Connect. last error code = 12029 
20:48:13:854 [WARN]	Request Failed. ErrorCode: 112029 errorMessage: Platform Status, Send Request Failed. WinHTTP Cannot Connect. last error code = 12029 
20:48:39:875 [WARN]	Request Failed. ErrorCode: 112029 errorMessage: Platform Status, Send Request Failed. WinHTTP Cannot Connect. last error code = 12029 
20:48:57:878 [WARN]	Request Failed. ErrorCode: 112029 errorMessage: Platform Status, Send Request Failed. WinHTTP Cannot Connect. last error code = 12029 
20:49:17:888 [WARN]	Request Failed. ErrorCode: 112029 errorMessage: Platform Status, Send Request Failed. WinHTTP Cannot Connect. last error code = 12029 
20:50:13:905 [WARN]	Request Failed. ErrorCode: 112029 errorMessage: Platform Status, Send Request Failed. WinHTTP Cannot Connect. last error code = 12029 
20:51:07:913 [WARN]	Request Failed. ErrorCode: 112029 errorMessage: Platform Status, Send Request Failed. WinHTTP Cannot Connect. last error code = 12029 
20:51:35:935 [WARN]	Request Failed. ErrorCode: 112029 errorMessage: Platform Status, Send Request Failed. WinHTTP Cannot Connect. last error code = 12029 
20:52:11:959 [WARN]	Request Failed. ErrorCode: 112029 errorMessage: Platform Status, Send Request Failed. WinHTTP Cannot Connect. last error code = 12029 
20:52:11:965 [WARN]	Request Failed. ErrorCode: 112029 errorMessage: Platform Status, Send Request Failed. WinHTTP Cannot Connect. last error code = 12029 
20:53:03:976 [WARN]	Request Failed. ErrorCode: 112029 errorMessage: Platform Status, Send Request Failed. WinHTTP Cannot Connect. last error code = 12029 
20:53:35:989 [WARN]	Request Failed. ErrorCode: 112029 errorMessage: Platform Status, Send Request Failed. WinHTTP Cannot Connect. last error code = 12029 
20:54:04:004 [WARN]	Request Failed. ErrorCode: 112029 errorMessage: Platform Status, Send Request Failed. WinHTTP Cannot Connect. last error code = 12029 
20:54:04:007 [WARN]	Request Failed. ErrorCode: 112029 errorMessage: Platform Status, Send Request Failed. WinHTTP Cannot Connect. last error code = 12029 
20:54:52:019 [WARN]	Request Failed. ErrorCode: 112029 errorMessage: Platform Status, Send Request Failed. WinHTTP Cannot Connect. last error code = 12029 
20:55:36:039 [WARN]	Request Failed. ErrorCode: 112029 errorMessage: Platform Status, Send Request Failed. WinHTTP Cannot Connect. last error code = 12029 
20:56:34:053 [WARN]	Request Failed. ErrorCode: 112029 errorMessage: Platform Status, Send Request Failed. WinHTTP Cannot Connect. last error code = 12029 
20:57:10:073 [WARN]	Request Failed. ErrorCode: 112029 errorMessage: Platform Status, Send Request Failed. WinHTTP Cannot Connect. last error code = 12029 
20:57:28:079 [WARN]	Request Failed. ErrorCode: 112029 errorMessage: Platform Status, Send Request Failed. WinHTTP Cannot Connect. last error code = 12029 
20:58:04:091 [WARN]	Request Failed. ErrorCode: 112029 errorMessage: Platform Status, Send Request Failed. WinHTTP Cannot Connect. last error code = 12029 
20:58:48:098 [WARN]	Request Failed. ErrorCode: 112029 errorMessage: Platform Status, Send Request Failed. WinHTTP Cannot Connect. last error code = 12029 
20:59:48:123 [WARN]	Request Failed. ErrorCode: 112029 errorMessage: Platform Status, Send Request Failed. WinHTTP Cannot Connect. last error code = 12029 
21:00:46:142 [WARN]	Request Failed. ErrorCode: 112029 errorMessage: Platform Status, Send Request Failed. WinHTTP Cannot Connect. last error code = 12029 
21:01:04:148 [WARN]	Request Failed. ErrorCode: 112029 errorMessage: Platform Status, Send Request Failed. WinHTTP Cannot Connect. last error code = 12029 
21:02:00:161 [WARN]	Request Failed. ErrorCode: 112029 errorMessage: Platform Status, Send Request Failed. WinHTTP Cannot Connect. last error code = 12029 
21:02:26:172 [WARN]	Request Failed. ErrorCode: 112029 errorMessage: Platform Status, Send Request Failed. WinHTTP Cannot Connect. last error code = 12029 
21:02:56:185 [WARN]	Request Failed. ErrorCode: 112029 errorMessage: Platform Status, Send Request Failed. WinHTTP Cannot Connect. last error code = 12029 
21:03:36:206 [WARN]	Request Failed. ErrorCode: 112029 errorMessage: Platform Status, Send Request Failed. WinHTTP Cannot Connect. last error code = 12029 
21:04:12:211 [WARN]	Request Failed. ErrorCode: 112029 errorMessage: Platform Status, Send Request Failed. WinHTTP Cannot Connect. last error code = 12029 
21:04:20:215 [WARN]	Request Failed. ErrorCode: 112029 errorMessage: Platform Status, Send Request Failed. WinHTTP Cannot Connect. last error code = 12029 
21:04:20:217 [WARN]	Request Failed. ErrorCode: 112029 errorMessage: Platform Status, Send Request Failed. WinHTTP Cannot Connect. last error code = 12029 
21:04:32:229 [WARN]	Request Failed. ErrorCode: 112029 errorMessage: Platform Status, Send Request Failed. WinHTTP Cannot Connect. last error code = 12029 
21:05:04:236 [WARN]	Request Failed. ErrorCode: 112029 errorMessage: Platform Status, Send Request Failed. WinHTTP Cannot Connect. last error code = 12029 
21:05:26:248 [WARN]	Request Failed. ErrorCode: 112029 errorMessage: Platform Status, Send Request Failed. WinHTTP Cannot Connect. last error code = 12029 
21:05:34:258 [WARN]	Request Failed. ErrorCode: 112029 errorMessage: Platform Status, Send Request Failed. WinHTTP Cannot Connect. last error code = 12029 
21:06:06:270 [WARN]	Request Failed. ErrorCode: 112029 errorMessage: Platform Status, Send Request Failed. WinHTTP Cannot Connect. last error code = 12029 
21:06:52:285 [WARN]	Request Failed. ErrorCode: 112029 errorMessage: Platform Status, Send Request Failed. WinHTTP Cannot Connect. last error code = 12029 
21:07:28:296 [WARN]	Request Failed. ErrorCode: 112029 errorMessage: Platform Status, Send Request Failed. WinHTTP Cannot Connect. last error code = 12029 
21:08:22:314 [WARN]	Request Failed. ErrorCode: 112029 errorMessage: Platform Status, Send Request Failed. WinHTTP Cannot Connect. last error code = 12029 
21:08:24:318 [WARN]	Request Failed. ErrorCode: 112029 errorMessage: Platform Status, Send Request Failed. WinHTTP Cannot Connect. last error code = 12029 
21:08:28:323 [WARN]	Request Failed. ErrorCode: 112029 errorMessage: Platform Status, Send Request Failed. WinHTTP Cannot Connect. last error code = 12029 
21:09:12:336 [WARN]	Request Failed. ErrorCode: 112029 errorMessage: Platform Status, Send Request Failed. WinHTTP Cannot Connect. last error code = 12029 
21:09:16:339 [WARN]	Request Failed. ErrorCode: 112029 errorMessage: Platform Status, Send Request Failed. WinHTTP Cannot Connect. last error code = 12029 
21:09:50:342 [WARN]	Request Failed. ErrorCode: 112029 errorMessage: Platform Status, Send Request Failed. WinHTTP Cannot Connect. last error code = 12029 
21:10:48:357 [WARN]	Request Failed. ErrorCode: 112029 errorMessage: Platform Status, Send Request Failed. WinHTTP Cannot Connect. last error code = 12029 
21:10:50:365 [WARN]	Request Failed. ErrorCode: 112029 errorMessage: Platform Status, Send Request Failed. WinHTTP Cannot Connect. last error code = 12029 
21:11:12:376 [WARN]	Request Failed. ErrorCode: 112029 errorMessage: Platform Status, Send Request Failed. WinHTTP Cannot Connect. last error code = 12029 
21:12:14:395 [WARN]	Request Failed. ErrorCode: 112029 errorMessage: Platform Status, Send Request Failed. WinHTTP Cannot Connect. last error code = 12029 
21:13:06:418 [WARN]	Request Failed. ErrorCode: 112029 errorMessage: Platform Status, Send Request Failed. WinHTTP Cannot Connect. last error code = 12029 
21:13:38:423 [WARN]	Request Failed. ErrorCode: 112029 errorMessage: Platform Status, Send Request Failed. WinHTTP Cannot Connect. last error code = 12029 
21:13:58:446 [WARN]	Request Failed. ErrorCode: 112029 errorMessage: Platform Status, Send Request Failed. WinHTTP Cannot Connect. last error code = 12029 
21:14:48:464 [WARN]	Request Failed. ErrorCode: 112029 errorMessage: Platform Status, Send Request Failed. WinHTTP Cannot Connect. last error code = 12029 
21:14:52:468 [WARN]	Request Failed. ErrorCode: 112029 errorMessage: Platform Status, Send Request Failed. WinHTTP Cannot Connect. last error code = 12029 
21:15:42:478 [WARN]	Request Failed. ErrorCode: 112029 errorMessage: Platform Status, Send Request Failed. WinHTTP Cannot Connect. last error code = 12029 
21:16:18:485 [WARN]	Request Failed. ErrorCode: 112029 errorMessage: Platform Status, Send Request Failed. WinHTTP Cannot Connect. last error code = 12029 
21:17:16:507 [WARN]	Request Failed. ErrorCode: 112029 errorMessage: Platform Status, Send Request Failed. WinHTTP Cannot Connect. last error code = 12029 
21:17:34:531 [WARN]	Request Failed. ErrorCode: 112029 errorMessage: Platform Status, Send Request Failed. WinHTTP Cannot Connect. last error code = 12029 
21:17:58:534 [WARN]	Request Failed. ErrorCode: 112029 errorMessage: Platform Status, Send Request Failed. WinHTTP Cannot Connect. last error code = 12029 
21:17:58:537 [WARN]	Request Failed. ErrorCode: 112029 errorMessage: Platform Status, Send Request Failed. WinHTTP Cannot Connect. last error code = 12029 
21:18:58:551 [WARN]	Request Failed. ErrorCode: 112029 errorMessage: Platform Status, Send Request Failed. WinHTTP Cannot Connect. last error code = 12029 
21:19:08:555 [WARN]	Request Failed. ErrorCode: 112029 errorMessage: Platform Status, Send Request Failed. WinHTTP Cannot Connect. last error code = 12029 
21:19:58:575 [WARN]	Request Failed. ErrorCode: 112029 errorMessage: Platform Status, Send Request Failed. WinHTTP Cannot Connect. last error code = 12029 
21:20:40:587 [WARN]	Request Failed. ErrorCode: 112029 errorMessage: Platform Status, Send Request Failed. WinHTTP Cannot Connect. last error code = 12029 
21:20:58:590 [WARN]	Request Failed. ErrorCode: 112029 errorMessage: Platform Status, Send Request Failed. WinHTTP Cannot Connect. last error code = 12029 
21:20:58:593 [WARN]	Request Failed. ErrorCode: 112029 errorMessage: Platform Status, Send Request Failed. WinHTTP Cannot Connect. last error code = 12029 
21:21:34:614 [WARN]	Request Failed. ErrorCode: 112029 errorMessage: Platform Status, Send Request Failed. WinHTTP Cannot Connect. last error code = 12029 
21:21:54:617 [WARN]	Request Failed. ErrorCode: 112029 errorMessage: Platform Status, Send Request Failed. WinHTTP Cannot Connect. last error code = 12029 
21:22:12:632 [WARN]	Request Failed. ErrorCode: 112029 errorMessage: Platform Status, Send Request Failed. WinHTTP Cannot Connect. last error code = 12029 
21:22:36:642 [WARN]	Request Failed. ErrorCode: 112029 errorMessage: Platform Status, Send Request Failed. WinHTTP Cannot Connect. last error code = 12029 
21:23:14:655 [WARN]	Request Failed. ErrorCode: 112029 errorMessage: Platform Status, Send Request Failed. WinHTTP Cannot Connect. last error code = 12029 
21:24:16:679 [WARN]	Request Failed. ErrorCode: 112029 errorMessage: Platform Status, Send Request Failed. WinHTTP Cannot Connect. last error code = 12029 
21:24:30:685 [WARN]	Request Failed. ErrorCode: 112029 errorMessage: Platform Status, Send Request Failed. WinHTTP Cannot Connect. last error code = 12029 
21:25:14:698 [WARN]	Request Failed. ErrorCode: 112029 errorMessage: Platform Status, Send Request Failed. WinHTTP Cannot Connect. last error code = 12029 
21:26:16:717 [WARN]	Request Failed. ErrorCode: 112029 errorMessage: Platform Status, Send Request Failed. WinHTTP Cannot Connect. last error code = 12029 
21:26:56:731 [WARN]	Request Failed. ErrorCode: 112029 errorMessage: Platform Status, Send Request Failed. WinHTTP Cannot Connect. last error code = 12029 
21:27:40:740 [WARN]	Request Failed. ErrorCode: 112029 errorMessage: Platform Status, Send Request Failed. WinHTTP Cannot Connect. last error code = 12029 
21:28:40:756 [WARN]	Request Failed. ErrorCode: 112029 errorMessage: Platform Status, Send Request Failed. WinHTTP Cannot Connect. last error code = 12029 
21:29:06:759 [WARN]	Request Failed. ErrorCode: 112029 errorMessage: Platform Status, Send Request Failed. WinHTTP Cannot Connect. last error code = 12029 
21:30:02:771 [WARN]	Request Failed. ErrorCode: 112029 errorMessage: Platform Status, Send Request Failed. WinHTTP Cannot Connect. last error code = 12029 
21:30:30:781 [WARN]	Request Failed. ErrorCode: 112029 errorMessage: Platform Status, Send Request Failed. WinHTTP Cannot Connect. last error code = 12029 
21:30:42:795 [WARN]	Request Failed. ErrorCode: 112029 errorMessage: Platform Status, Send Request Failed. WinHTTP Cannot Connect. last error code = 12029 
21:30:48:799 [WARN]	Request Failed. ErrorCode: 112029 errorMessage: Platform Status, Send Request Failed. WinHTTP Cannot Connect. last error code = 12029 
21:31:18:803 [WARN]	Request Failed. ErrorCode: 112029 errorMessage: Platform Status, Send Request Failed. WinHTTP Cannot Connect. last error code = 12029 
21:32:04:815 [WARN]	Request Failed. ErrorCode: 112029 errorMessage: Platform Status, Send Request Failed. WinHTTP Cannot Connect. last error code = 12029 
21:32:22:827 [WARN]	Request Failed. ErrorCode: 112029 errorMessage: Platform Status, Send Request Failed. WinHTTP Cannot Connect. last error code = 12029 
21:32:24:831 [WARN]	Request Failed. ErrorCode: 112029 errorMessage: Platform Status, Send Request Failed. WinHTTP Cannot Connect. last error code = 12029 
21:33:26:842 [WARN]	Request Failed. ErrorCode: 112029 errorMessage: Platform Status, Send Request Failed. WinHTTP Cannot Connect. last error code = 12029 
21:33:44:846 [WARN]	Request Failed. ErrorCode: 112029 errorMessage: Platform Status, Send Request Failed. WinHTTP Cannot Connect. last error code = 12029 
21:34:14:856 [WARN]	Request Failed. ErrorCode: 112029 errorMessage: Platform Status, Send Request Failed. WinHTTP Cannot Connect. last error code = 12029 
21:34:16:867 [WARN]	Request Failed. ErrorCode: 112029 errorMessage: Platform Status, Send Request Failed. WinHTTP Cannot Connect. last error code = 12029 
21:34:42:871 [WARN]	Request Failed. ErrorCode: 112029 errorMessage: Platform Status, Send Request Failed. WinHTTP Cannot Connect. last error code = 12029 
21:35:16:882 [WARN]	Request Failed. ErrorCode: 112029 errorMessage: Platform Status, Send Request Failed. WinHTTP Cannot Connect. last error code = 12029 
21:36:16:894 [WARN]	Request Failed. ErrorCode: 112029 errorMessage: Platform Status, Send Request Failed. WinHTTP Cannot Connect. last error code = 12029 
21:37:14:913 [WARN]	Request Failed. ErrorCode: 112029 errorMessage: Platform Status, Send Request Failed. WinHTTP Cannot Connect. last error code = 12029 
21:38:10:932 [WARN]	Request Failed. ErrorCode: 112029 errorMessage: Platform Status, Send Request Failed. WinHTTP Cannot Connect. last error code = 12029 
21:38:54:945 [WARN]	Request Failed. ErrorCode: 112029 errorMessage: Platform Status, Send Request Failed. WinHTTP Cannot Connect. last error code = 12029 
21:39:30:948 [WARN]	Request Failed. ErrorCode: 112029 errorMessage: Platform Status, Send Request Failed. WinHTTP Cannot Connect. last error code = 12029 
21:40:06:965 [WARN]	Request Failed. ErrorCode: 112029 errorMessage: Platform Status, Send Request Failed. WinHTTP Cannot Connect. last error code = 12029 
21:40:18:969 [WARN]	Request Failed. ErrorCode: 112029 errorMessage: Platform Status, Send Request Failed. WinHTTP Cannot Connect. last error code = 12029 
21:41:16:986 [WARN]	Request Failed. ErrorCode: 112029 errorMessage: Platform Status, Send Request Failed. WinHTTP Cannot Connect. last error code = 12029 
21:41:48:998 [WARN]	Request Failed. ErrorCode: 112029 errorMessage: Platform Status, Send Request Failed. WinHTTP Cannot Connect. last error code = 12029 
21:41:57:007 [WARN]	Request Failed. ErrorCode: 112029 errorMessage: Platform Status, Send Request Failed. WinHTTP Cannot Connect. last error code = 12029 
21:42:27:012 [WARN]	Request Failed. ErrorCode: 112029 errorMessage: Platform Status, Send Request Failed. WinHTTP Cannot Connect. last error code = 12029 
21:42:47:032 [WARN]	Request Failed. ErrorCode: 112029 errorMessage: Platform Status, Send Request Failed. WinHTTP Cannot Connect. last error code = 12029 
21:43:33:042 [WARN]	Request Failed. ErrorCode: 112029 errorMessage: Platform Status, Send Request Failed. WinHTTP Cannot Connect. last error code = 12029 
21:43:37:052 [WARN]	Request Failed. ErrorCode: 112029 errorMessage: Platform Status, Send Request Failed. WinHTTP Cannot Connect. last error code = 12029 
21:44:23:069 [WARN]	Request Failed. ErrorCode: 112029 errorMessage: Platform Status, Send Request Failed. WinHTTP Cannot Connect. last error code = 12029 
21:44:39:083 [WARN]	Request Failed. ErrorCode: 112029 errorMessage: Platform Status, Send Request Failed. WinHTTP Cannot Connect. last error code = 12029 
21:45:29:094 [WARN]	Request Failed. ErrorCode: 112029 errorMessage: Platform Status, Send Request Failed. WinHTTP Cannot Connect. last error code = 12029 
21:45:53:101 [WARN]	Request Failed. ErrorCode: 112029 errorMessage: Platform Status, Send Request Failed. WinHTTP Cannot Connect. last error code = 12029 
21:46:31:125 [WARN]	Request Failed. ErrorCode: 112029 errorMessage: Platform Status, Send Request Failed. WinHTTP Cannot Connect. last error code = 12029 
21:46:53:138 [WARN]	Request Failed. ErrorCode: 112029 errorMessage: Platform Status, Send Request Failed. WinHTTP Cannot Connect. last error code = 12029 
21:47:11:141 [WARN]	Request Failed. ErrorCode: 112029 errorMessage: Platform Status, Send Request Failed. WinHTTP Cannot Connect. last error code = 12029 
21:47:47:170 [WARN]	Request Failed. ErrorCode: 112029 errorMessage: Platform Status, Send Request Failed. WinHTTP Cannot Connect. last error code = 12029 
21:48:47:185 [WARN]	Request Failed. ErrorCode: 112029 errorMessage: Platform Status, Send Request Failed. WinHTTP Cannot Connect. last error code = 12029 
21:49:25:199 [WARN]	Request Failed. ErrorCode: 112029 errorMessage: Platform Status, Send Request Failed. WinHTTP Cannot Connect. last error code = 12029 
21:50:05:216 [WARN]	Request Failed. ErrorCode: 112029 errorMessage: Platform Status, Send Request Failed. WinHTTP Cannot Connect. last error code = 12029 
21:51:05:229 [WARN]	Request Failed. ErrorCode: 112029 errorMessage: Platform Status, Send Request Failed. WinHTTP Cannot Connect. last error code = 12029 
21:51:29:233 [WARN]	Request Failed. ErrorCode: 112029 errorMessage: Platform Status, Send Request Failed. WinHTTP Cannot Connect. last error code = 12029 
21:52:09:256 [WARN]	Request Failed. ErrorCode: 112029 errorMessage: Platform Status, Send Request Failed. WinHTTP Cannot Connect. last error code = 12029 
21:52:51:268 [WARN]	Request Failed. ErrorCode: 112029 errorMessage: Platform Status, Send Request Failed. WinHTTP Cannot Connect. last error code = 12029 
21:53:31:278 [WARN]	Request Failed. ErrorCode: 112029 errorMessage: Platform Status, Send Request Failed. WinHTTP Cannot Connect. last error code = 12029 
21:54:33:286 [WARN]	Request Failed. ErrorCode: 112029 errorMessage: Platform Status, Send Request Failed. WinHTTP Cannot Connect. last error code = 12029 
21:55:13:308 [WARN]	Request Failed. ErrorCode: 112029 errorMessage: Platform Status, Send Request Failed. WinHTTP Cannot Connect. last error code = 12029 
21:55:21:319 [WARN]	Request Failed. ErrorCode: 112029 errorMessage: Platform Status, Send Request Failed. WinHTTP Cannot Connect. last error code = 12029 
21:56:11:333 [WARN]	Request Failed. ErrorCode: 112029 errorMessage: Platform Status, Send Request Failed. WinHTTP Cannot Connect. last error code = 12029 
21:57:11:356 [WARN]	Request Failed. ErrorCode: 112029 errorMessage: Platform Status, Send Request Failed. WinHTTP Cannot Connect. last error code = 12029 
21:57:53:374 [WARN]	Request Failed. ErrorCode: 112029 errorMessage: Platform Status, Send Request Failed. WinHTTP Cannot Connect. last error code = 12029 
21:58:23:378 [WARN]	Request Failed. ErrorCode: 112029 errorMessage: Platform Status, Send Request Failed. WinHTTP Cannot Connect. last error code = 12029 
21:58:59:393 [WARN]	Request Failed. ErrorCode: 112029 errorMessage: Platform Status, Send Request Failed. WinHTTP Cannot Connect. last error code = 12029 
21:59:03:396 [WARN]	Request Failed. ErrorCode: 112029 errorMessage: Platform Status, Send Request Failed. WinHTTP Cannot Connect. last error code = 12029 
21:59:43:412 [WARN]	Request Failed. ErrorCode: 112029 errorMessage: Platform Status, Send Request Failed. WinHTTP Cannot Connect. last error code = 12029 
22:00:07:420 [WARN]	Request Failed. ErrorCode: 112029 errorMessage: Platform Status, Send Request Failed. WinHTTP Cannot Connect. last error code = 12029 
22:00:37:437 [WARN]	Request Failed. ErrorCode: 112029 errorMessage: Platform Status, Send Request Failed. WinHTTP Cannot Connect. last error code = 12029 
22:01:15:444 [WARN]	Request Failed. ErrorCode: 112029 errorMessage: Platform Status, Send Request Failed. WinHTTP Cannot Connect. last error code = 12029 
22:01:47:460 [WARN]	Request Failed. ErrorCode: 112029 errorMessage: Platform Status, Send Request Failed. WinHTTP Cannot Connect. last error code = 12029 
22:02:13:479 [WARN]	Request Failed. ErrorCode: 112029 errorMessage: Platform Status, Send Request Failed. WinHTTP Cannot Connect. last error code = 12029 
22:02:29:495 [WARN]	Request Failed. ErrorCode: 112029 errorMessage: Platform Status, Send Request Failed. WinHTTP Cannot Connect. last error code = 12029 
22:03:07:515 [WARN]	Request Failed. ErrorCode: 112029 errorMessage: Platform Status, Send Request Failed. WinHTTP Cannot Connect. last error code = 12029 
22:03:37:523 [WARN]	Request Failed. ErrorCode: 112029 errorMessage: Platform Status, Send Request Failed. WinHTTP Cannot Connect. last error code = 12029 
22:04:19:544 [WARN]	Request Failed. ErrorCode: 112029 errorMessage: Platform Status, Send Request Failed. WinHTTP Cannot Connect. last error code = 12029 
22:04:31:547 [WARN]	Request Failed. ErrorCode: 112029 errorMessage: Platform Status, Send Request Failed. WinHTTP Cannot Connect. last error code = 12029 
22:05:21:578 [WARN]	Request Failed. ErrorCode: 112029 errorMessage: Platform Status, Send Request Failed. WinHTTP Cannot Connect. last error code = 12029 
22:06:19:592 [WARN]	Request Failed. ErrorCode: 112029 errorMessage: Platform Status, Send Request Failed. WinHTTP Cannot Connect. last error code = 12029 
22:06:39:604 [WARN]	Request Failed. ErrorCode: 112029 errorMessage: Platform Status, Send Request Failed. WinHTTP Cannot Connect. last error code = 12029 
22:06:49:609 [WARN]	Request Failed. ErrorCode: 112029 errorMessage: Platform Status, Send Request Failed. WinHTTP Cannot Connect. last error code = 12029 
22:06:49:611 [WARN]	Request Failed. ErrorCode: 112029 errorMessage: Platform Status, Send Request Failed. WinHTTP Cannot Connect. last error code = 12029 
22:07:35:625 [WARN]	Request Failed. ErrorCode: 112029 errorMessage: Platform Status, Send Request Failed. WinHTTP Cannot Connect. last error code = 12029 
22:07:57:638 [WARN]	Request Failed. ErrorCode: 112029 errorMessage: Platform Status, Send Request Failed. WinHTTP Cannot Connect. last error code = 12029 
22:08:45:642 [WARN]	Request Failed. ErrorCode: 112029 errorMessage: Platform Status, Send Request Failed. WinHTTP Cannot Connect. last error code = 12029 
22:08:47:646 [WARN]	Request Failed. ErrorCode: 112029 errorMessage: Platform Status, Send Request Failed. WinHTTP Cannot Connect. last error code = 12029 
22:09:01:660 [WARN]	Request Failed. ErrorCode: 112029 errorMessage: Platform Status, Send Request Failed. WinHTTP Cannot Connect. last error code = 12029 
22:09:09:663 [WARN]	Request Failed. ErrorCode: 112029 errorMessage: Platform Status, Send Request Failed. WinHTTP Cannot Connect. last error code = 12029 
22:09:37:667 [WARN]	Request Failed. ErrorCode: 112029 errorMessage: Platform Status, Send Request Failed. WinHTTP Cannot Connect. last error code = 12029 
22:10:39:691 [WARN]	Request Failed. ErrorCode: 112029 errorMessage: Platform Status, Send Request Failed. WinHTTP Cannot Connect. last error code = 12029 
22:11:11:696 [WARN]	Request Failed. ErrorCode: 112029 errorMessage: Platform Status, Send Request Failed. WinHTTP Cannot Connect. last error code = 12029 
22:11:11:698 [WARN]	Request Failed. ErrorCode: 112029 errorMessage: Platform Status, Send Request Failed. WinHTTP Cannot Connect. last error code = 12029 
22:11:51:707 [WARN]	Request Failed. ErrorCode: 112029 errorMessage: Platform Status, Send Request Failed. WinHTTP Cannot Connect. last error code = 12029 
22:11:53:712 [WARN]	Request Failed. ErrorCode: 112029 errorMessage: Platform Status, Send Request Failed. WinHTTP Cannot Connect. last error code = 12029 
22:12:19:716 [WARN]	Request Failed. ErrorCode: 112029 errorMessage: Platform Status, Send Request Failed. WinHTTP Cannot Connect. last error code = 12029 
22:13:19:730 [WARN]	Request Failed. ErrorCode: 112029 errorMessage: Platform Status, Send Request Failed. WinHTTP Cannot Connect. last error code = 12029 
22:14:13:734 [WARN]	Request Failed. ErrorCode: 112029 errorMessage: Platform Status, Send Request Failed. WinHTTP Cannot Connect. last error code = 12029 
22:14:23:755 [WARN]	Request Failed. ErrorCode: 112029 errorMessage: Platform Status, Send Request Failed. WinHTTP Cannot Connect. last error code = 12029 
22:15:05:761 [WARN]	Request Failed. ErrorCode: 112029 errorMessage: Platform Status, Send Request Failed. WinHTTP Cannot Connect. last error code = 12029 
22:15:19:764 [WARN]	Request Failed. ErrorCode: 112029 errorMessage: Platform Status, Send Request Failed. WinHTTP Cannot Connect. last error code = 12029 
22:16:13:787 [WARN]	Request Failed. ErrorCode: 112029 errorMessage: Platform Status, Send Request Failed. WinHTTP Cannot Connect. last error code = 12029 
22:16:51:791 [WARN]	Request Failed. ErrorCode: 112029 errorMessage: Platform Status, Send Request Failed. WinHTTP Cannot Connect. last error code = 12029 
22:16:55:803 [WARN]	Request Failed. ErrorCode: 112029 errorMessage: Platform Status, Send Request Failed. WinHTTP Cannot Connect. last error code = 12029 
22:17:57:829 [WARN]	Request Failed. ErrorCode: 112029 errorMessage: Platform Status, Send Request Failed. WinHTTP Cannot Connect. last error code = 12029 
22:18:45:859 [WARN]	Request Failed. ErrorCode: 112029 errorMessage: Platform Status, Send Request Failed. WinHTTP Cannot Connect. last error code = 12029 
22:19:17:875 [WARN]	Request Failed. ErrorCode: 112029 errorMessage: Platform Status, Send Request Failed. WinHTTP Cannot Connect. last error code = 12029 
22:19:53:884 [WARN]	Request Failed. ErrorCode: 112029 errorMessage: Platform Status, Send Request Failed. WinHTTP Cannot Connect. last error code = 12029 
22:20:45:901 [WARN]	Request Failed. ErrorCode: 112029 errorMessage: Platform Status, Send Request Failed. WinHTTP Cannot Connect. last error code = 12029 
22:20:53:907 [WARN]	Request Failed. ErrorCode: 112029 errorMessage: Platform Status, Send Request Failed. WinHTTP Cannot Connect. last error code = 12029 
22:21:33:916 [WARN]	Request Failed. ErrorCode: 112029 errorMessage: Platform Status, Send Request Failed. WinHTTP Cannot Connect. last error code = 12029 
22:22:01:936 [WARN]	Request Failed. ErrorCode: 112029 errorMessage: Platform Status, Send Request Failed. WinHTTP Cannot Connect. last error code = 12029 
22:22:35:940 [WARN]	Request Failed. ErrorCode: 112029 errorMessage: Platform Status, Send Request Failed. WinHTTP Cannot Connect. last error code = 12029 
22:22:45:951 [WARN]	Request Failed. ErrorCode: 112029 errorMessage: Platform Status, Send Request Failed. WinHTTP Cannot Connect. last error code = 12029 
22:23:45:973 [WARN]	Request Failed. ErrorCode: 112029 errorMessage: Platform Status, Send Request Failed. WinHTTP Cannot Connect. last error code = 12029 
22:24:03:980 [WARN]	Request Failed. ErrorCode: 112029 errorMessage: Platform Status, Send Request Failed. WinHTTP Cannot Connect. last error code = 12029 
22:24:45:998 [WARN]	Request Failed. ErrorCode: 112029 errorMessage: Platform Status, Send Request Failed. WinHTTP Cannot Connect. last error code = 12029 
22:25:34:003 [WARN]	Request Failed. ErrorCode: 112029 errorMessage: Platform Status, Send Request Failed. WinHTTP Cannot Connect. last error code = 12029 
22:25:46:016 [WARN]	Request Failed. ErrorCode: 112029 errorMessage: Platform Status, Send Request Failed. WinHTTP Cannot Connect. last error code = 12029 
22:26:06:022 [WARN]	Request Failed. ErrorCode: 112029 errorMessage: Platform Status, Send Request Failed. WinHTTP Cannot Connect. last error code = 12029 
22:26:14:029 [WARN]	Request Failed. ErrorCode: 112029 errorMessage: Platform Status, Send Request Failed. WinHTTP Cannot Connect. last error code = 12029 
22:26:58:046 [WARN]	Request Failed. ErrorCode: 112029 errorMessage: Platform Status, Send Request Failed. WinHTTP Cannot Connect. last error code = 12029 
22:27:36:059 [WARN]	Request Failed. ErrorCode: 112029 errorMessage: Platform Status, Send Request Failed. WinHTTP Cannot Connect. last error code = 12029 
22:28:04:076 [WARN]	Request Failed. ErrorCode: 112029 errorMessage: Platform Status, Send Request Failed. WinHTTP Cannot Connect. last error code = 12029 
22:28:54:092 [WARN]	Request Failed. ErrorCode: 112029 errorMessage: Platform Status, Send Request Failed. WinHTTP Cannot Connect. last error code = 12029 
22:29:38:118 [WARN]	Request Failed. ErrorCode: 112029 errorMessage: Platform Status, Send Request Failed. WinHTTP Cannot Connect. last error code = 12029 
22:30:08:122 [WARN]	Request Failed. ErrorCode: 112029 errorMessage: Platform Status, Send Request Failed. WinHTTP Cannot Connect. last error code = 12029 
22:30:22:140 [WARN]	Request Failed. ErrorCode: 112029 errorMessage: Platform Status, Send Request Failed. WinHTTP Cannot Connect. last error code = 12029 
22:30:38:144 [WARN]	Request Failed. ErrorCode: 112029 errorMessage: Platform Status, Send Request Failed. WinHTTP Cannot Connect. last error code = 12029 
22:31:18:159 [WARN]	Request Failed. ErrorCode: 112029 errorMessage: Platform Status, Send Request Failed. WinHTTP Cannot Connect. last error code = 12029 
22:32:04:173 [WARN]	Request Failed. ErrorCode: 112029 errorMessage: Platform Status, Send Request Failed. WinHTTP Cannot Connect. last error code = 12029 
22:32:24:190 [WARN]	Request Failed. ErrorCode: 112029 errorMessage: Platform Status, Send Request Failed. WinHTTP Cannot Connect. last error code = 12029 
22:32:44:194 [WARN]	Request Failed. ErrorCode: 112029 errorMessage: Platform Status, Send Request Failed. WinHTTP Cannot Connect. last error code = 12029 
22:33:16:208 [WARN]	Request Failed. ErrorCode: 112029 errorMessage: Platform Status, Send Request Failed. WinHTTP Cannot Connect. last error code = 12029 
22:34:02:223 [WARN]	Request Failed. ErrorCode: 112029 errorMessage: Platform Status, Send Request Failed. WinHTTP Cannot Connect. last error code = 12029 
22:34:18:229 [WARN]	Request Failed. ErrorCode: 112029 errorMessage: Platform Status, Send Request Failed. WinHTTP Cannot Connect. last error code = 12029 
22:35:02:258 [WARN]	Request Failed. ErrorCode: 112029 errorMessage: Platform Status, Send Request Failed. WinHTTP Cannot Connect. last error code = 12029 
22:35:54:275 [WARN]	Request Failed. ErrorCode: 112029 errorMessage: Platform Status, Send Request Failed. WinHTTP Cannot Connect. last error code = 12029 
22:36:38:282 [WARN]	Request Failed. ErrorCode: 112029 errorMessage: Platform Status, Send Request Failed. WinHTTP Cannot Connect. last error code = 12029 
22:37:32:295 [WARN]	Request Failed. ErrorCode: 112029 errorMessage: Platform Status, Send Request Failed. WinHTTP Cannot Connect. last error code = 12029 
22:38:06:306 [WARN]	Request Failed. ErrorCode: 112029 errorMessage: Platform Status, Send Request Failed. WinHTTP Cannot Connect. last error code = 12029 
22:38:32:318 [WARN]	Request Failed. ErrorCode: 112029 errorMessage: Platform Status, Send Request Failed. WinHTTP Cannot Connect. last error code = 12029 
22:39:00:344 [WARN]	Request Failed. ErrorCode: 112029 errorMessage: Platform Status, Send Request Failed. WinHTTP Cannot Connect. last error code = 12029 
22:39:08:348 [WARN]	Request Failed. ErrorCode: 112029 errorMessage: Platform Status, Send Request Failed. WinHTTP Cannot Connect. last error code = 12029 
22:39:24:353 [WARN]	Request Failed. ErrorCode: 112029 errorMessage: Platform Status, Send Request Failed. WinHTTP Cannot Connect. last error code = 12029 
22:40:14:364 [WARN]	Request Failed. ErrorCode: 112029 errorMessage: Platform Status, Send Request Failed. WinHTTP Cannot Connect. last error code = 12029 
22:41:14:392 [WARN]	Request Failed. ErrorCode: 112029 errorMessage: Platform Status, Send Request Failed. WinHTTP Cannot Connect. last error code = 12029 
22:41:50:412 [WARN]	Request Failed. ErrorCode: 112029 errorMessage: Platform Status, Send Request Failed. WinHTTP Cannot Connect. last error code = 12029 
22:42:44:422 [WARN]	Request Failed. ErrorCode: 112029 errorMessage: Platform Status, Send Request Failed. WinHTTP Cannot Connect. last error code = 12029 
22:42:54:432 [WARN]	Request Failed. ErrorCode: 112029 errorMessage: Platform Status, Send Request Failed. WinHTTP Cannot Connect. last error code = 12029 
22:43:00:435 [WARN]	Request Failed. ErrorCode: 112029 errorMessage: Platform Status, Send Request Failed. WinHTTP Cannot Connect. last error code = 12029 
22:43:10:439 [WARN]	Request Failed. ErrorCode: 112029 errorMessage: Platform Status, Send Request Failed. WinHTTP Cannot Connect. last error code = 12029 
22:44:06:460 [WARN]	Request Failed. ErrorCode: 112029 errorMessage: Platform Status, Send Request Failed. WinHTTP Cannot Connect. last error code = 12029 
22:44:46:474 [WARN]	Request Failed. ErrorCode: 112029 errorMessage: Platform Status, Send Request Failed. WinHTTP Cannot Connect. last error code = 12029 
22:44:56:484 [WARN]	Request Failed. ErrorCode: 112029 errorMessage: Platform Status, Send Request Failed. WinHTTP Cannot Connect. last error code = 12029 
22:45:34:496 [WARN]	Request Failed. ErrorCode: 112029 errorMessage: Platform Status, Send Request Failed. WinHTTP Cannot Connect. last error code = 12029 
22:46:22:536 [WARN]	Request Failed. ErrorCode: 112029 errorMessage: Platform Status, Send Request Failed. WinHTTP Cannot Connect. last error code = 12029 
22:46:38:541 [WARN]	Request Failed. ErrorCode: 112029 errorMessage: Platform Status, Send Request Failed. WinHTTP Cannot Connect. last error code = 12029 
22:47:06:554 [WARN]	Request Failed. ErrorCode: 112029 errorMessage: Platform Status, Send Request Failed. WinHTTP Cannot Connect. last error code = 12029 
22:47:28:561 [WARN]	Request Failed. ErrorCode: 112029 errorMessage: Platform Status, Send Request Failed. WinHTTP Cannot Connect. last error code = 12029 
22:48:10:578 [WARN]	Request Failed. ErrorCode: 112029 errorMessage: Platform Status, Send Request Failed. WinHTTP Cannot Connect. last error code = 12029 
22:48:20:583 [WARN]	Request Failed. ErrorCode: 112029 errorMessage: Platform Status, Send Request Failed. WinHTTP Cannot Connect. last error code = 12029 
22:48:20:585 [WARN]	Request Failed. ErrorCode: 112029 errorMessage: Platform Status, Send Request Failed. WinHTTP Cannot Connect. last error code = 12029 
22:49:10:597 [WARN]	Request Failed. ErrorCode: 112029 errorMessage: Platform Status, Send Request Failed. WinHTTP Cannot Connect. last error code = 12029 
22:50:08:615 [WARN]	Request Failed. ErrorCode: 112029 errorMessage: Platform Status, Send Request Failed. WinHTTP Cannot Connect. last error code = 12029 
22:50:54:625 [WARN]	Request Failed. ErrorCode: 112029 errorMessage: Platform Status, Send Request Failed. WinHTTP Cannot Connect. last error code = 12029 
22:51:08:636 [WARN]	Request Failed. ErrorCode: 112029 errorMessage: Platform Status, Send Request Failed. WinHTTP Cannot Connect. last error code = 12029 
22:51:28:639 [WARN]	Request Failed. ErrorCode: 112029 errorMessage: Platform Status, Send Request Failed. WinHTTP Cannot Connect. last error code = 12029 
22:52:18:655 [WARN]	Request Failed. ErrorCode: 112029 errorMessage: Platform Status, Send Request Failed. WinHTTP Cannot Connect. last error code = 12029 
22:53:02:670 [WARN]	Request Failed. ErrorCode: 112029 errorMessage: Platform Status, Send Request Failed. WinHTTP Cannot Connect. last error code = 12029 
22:53:28:674 [WARN]	Request Failed. ErrorCode: 112029 errorMessage: Platform Status, Send Request Failed. WinHTTP Cannot Connect. last error code = 12029 
22:54:00:696 [WARN]	Request Failed. ErrorCode: 112029 errorMessage: Platform Status, Send Request Failed. WinHTTP Cannot Connect. last error code = 12029 
22:54:04:700 [WARN]	Request Failed. ErrorCode: 112029 errorMessage: Platform Status, Send Request Failed. WinHTTP Cannot Connect. last error code = 12029 
22:54:22:709 [WARN]	Request Failed. ErrorCode: 112029 errorMessage: Platform Status, Send Request Failed. WinHTTP Cannot Connect. last error code = 12029 
22:54:48:713 [WARN]	Request Failed. ErrorCode: 112029 errorMessage: Platform Status, Send Request Failed. WinHTTP Cannot Connect. last error code = 12029 
22:55:04:717 [WARN]	Request Failed. ErrorCode: 112029 errorMessage: Platform Status, Send Request Failed. WinHTTP Cannot Connect. last error code = 12029 
22:55:44:729 [WARN]	Request Failed. ErrorCode: 112029 errorMessage: Platform Status, Send Request Failed. WinHTTP Cannot Connect. last error code = 12029 
22:56:02:739 [WARN]	Request Failed. ErrorCode: 112029 errorMessage: Platform Status, Send Request Failed. WinHTTP Cannot Connect. last error code = 12029 
22:56:22:747 [WARN]	Request Failed. ErrorCode: 112029 errorMessage: Platform Status, Send Request Failed. WinHTTP Cannot Connect. last error code = 12029 
22:57:12:767 [WARN]	Request Failed. ErrorCode: 112029 errorMessage: Platform Status, Send Request Failed. WinHTTP Cannot Connect. last error code = 12029 
22:57:22:792 [WARN]	Request Failed. ErrorCode: 112029 errorMessage: Platform Status, Send Request Failed. WinHTTP Cannot Connect. last error code = 12029 
22:57:38:798 [WARN]	Request Failed. ErrorCode: 112029 errorMessage: Platform Status, Send Request Failed. WinHTTP Cannot Connect. last error code = 12029 
22:57:40:802 [WARN]	Request Failed. ErrorCode: 112029 errorMessage: Platform Status, Send Request Failed. WinHTTP Cannot Connect. last error code = 12029 
22:57:40:804 [WARN]	Request Failed. ErrorCode: 112029 errorMessage: Platform Status, Send Request Failed. WinHTTP Cannot Connect. last error code = 12029 
22:58:20:820 [WARN]	Request Failed. ErrorCode: 112029 errorMessage: Platform Status, Send Request Failed. WinHTTP Cannot Connect. last error code = 12029 
22:58:54:824 [WARN]	Request Failed. ErrorCode: 112029 errorMessage: Platform Status, Send Request Failed. WinHTTP Cannot Connect. last error code = 12029 
22:59:48:833 [WARN]	Request Failed. ErrorCode: 112029 errorMessage: Platform Status, Send Request Failed. WinHTTP Cannot Connect. last error code = 12029 
23:00:08:837 [WARN]	Request Failed. ErrorCode: 112029 errorMessage: Platform Status, Send Request Failed. WinHTTP Cannot Connect. last error code = 12029 
23:00:18:848 [WARN]	Request Failed. ErrorCode: 112029 errorMessage: Platform Status, Send Request Failed. WinHTTP Cannot Connect. last error code = 12029 
23:00:52:855 [WARN]	Request Failed. ErrorCode: 112029 errorMessage: Platform Status, Send Request Failed. WinHTTP Cannot Connect. last error code = 12029 
23:01:08:865 [WARN]	Request Failed. ErrorCode: 112029 errorMessage: Platform Status, Send Request Failed. WinHTTP Cannot Connect. last error code = 12029 
23:01:10:875 [WARN]	Request Failed. ErrorCode: 112029 errorMessage: Platform Status, Send Request Failed. WinHTTP Cannot Connect. last error code = 12029 
23:01:34:881 [WARN]	Request Failed. ErrorCode: 112029 errorMessage: Platform Status, Send Request Failed. WinHTTP Cannot Connect. last error code = 12029 
23:02:18:903 [WARN]	Request Failed. ErrorCode: 112029 errorMessage: Platform Status, Send Request Failed. WinHTTP Cannot Connect. last error code = 12029 
23:02:36:914 [WARN]	Request Failed. ErrorCode: 112029 errorMessage: Platform Status, Send Request Failed. WinHTTP Cannot Connect. last error code = 12029 
23:02:58:924 [WARN]	Request Failed. ErrorCode: 112029 errorMessage: Platform Status, Send Request Failed. WinHTTP Cannot Connect. last error code = 12029 
23:03:12:947 [WARN]	Request Failed. ErrorCode: 112029 errorMessage: Platform Status, Send Request Failed. WinHTTP Cannot Connect. last error code = 12029 
23:03:58:959 [WARN]	Request Failed. ErrorCode: 112029 errorMessage: Platform Status, Send Request Failed. WinHTTP Cannot Connect. last error code = 12029 
23:04:22:965 [WARN]	Request Failed. ErrorCode: 112029 errorMessage: Platform Status, Send Request Failed. WinHTTP Cannot Connect. last error code = 12029 
23:04:52:982 [WARN]	Request Failed. ErrorCode: 112029 errorMessage: Platform Status, Send Request Failed. WinHTTP Cannot Connect. last error code = 12029 
23:05:26:993 [WARN]	Request Failed. ErrorCode: 112029 errorMessage: Platform Status, Send Request Failed. WinHTTP Cannot Connect. last error code = 12029 
23:06:09:006 [WARN]	Request Failed. ErrorCode: 112029 errorMessage: Platform Status, Send Request Failed. WinHTTP Cannot Connect. last error code = 12029 
23:07:07:022 [WARN]	Request Failed. ErrorCode: 112029 errorMessage: Platform Status, Send Request Failed. WinHTTP Cannot Connect. last error code = 12029 
23:07:59:038 [WARN]	Request Failed. ErrorCode: 112029 errorMessage: Platform Status, Send Request Failed. WinHTTP Cannot Connect. last error code = 12029 
23:08:41:053 [WARN]	Request Failed. ErrorCode: 112029 errorMessage: Platform Status, Send Request Failed. WinHTTP Cannot Connect. last error code = 12029 
23:08:43:063 [WARN]	Request Failed. ErrorCode: 112029 errorMessage: Platform Status, Send Request Failed. WinHTTP Cannot Connect. last error code = 12029 
23:09:37:074 [WARN]	Request Failed. ErrorCode: 112029 errorMessage: Platform Status, Send Request Failed. WinHTTP Cannot Connect. last error code = 12029 
23:09:39:078 [WARN]	Request Failed. ErrorCode: 112029 errorMessage: Platform Status, Send Request Failed. WinHTTP Cannot Connect. last error code = 12029 
23:09:39:080 [WARN]	Request Failed. ErrorCode: 112029 errorMessage: Platform Status, Send Request Failed. WinHTTP Cannot Connect. last error code = 12029 
23:10:39:093 [WARN]	Request Failed. ErrorCode: 112029 errorMessage: Platform Status, Send Request Failed. WinHTTP Cannot Connect. last error code = 12029 
23:10:57:096 [WARN]	Request Failed. ErrorCode: 112029 errorMessage: Platform Status, Send Request Failed. WinHTTP Cannot Connect. last error code = 12029 
23:11:13:099 [WARN]	Request Failed. ErrorCode: 112029 errorMessage: Platform Status, Send Request Failed. WinHTTP Cannot Connect. last error code = 12029 
23:12:05:112 [WARN]	Request Failed. ErrorCode: 112029 errorMessage: Platform Status, Send Request Failed. WinHTTP Cannot Connect. last error code = 12029 
23:12:19:124 [WARN]	Request Failed. ErrorCode: 112029 errorMessage: Platform Status, Send Request Failed. WinHTTP Cannot Connect. last error code = 12029 
23:12:31:130 [WARN]	Request Failed. ErrorCode: 112029 errorMessage: Platform Status, Send Request Failed. WinHTTP Cannot Connect. last error code = 12029 
23:12:35:140 [WARN]	Request Failed. ErrorCode: 112029 errorMessage: Platform Status, Send Request Failed. WinHTTP Cannot Connect. last error code = 12029 
23:13:17:157 [WARN]	Request Failed. ErrorCode: 112029 errorMessage: Platform Status, Send Request Failed. WinHTTP Cannot Connect. last error code = 12029 
23:13:57:167 [WARN]	Request Failed. ErrorCode: 112029 errorMessage: Platform Status, Send Request Failed. WinHTTP Cannot Connect. last error code = 12029 
23:14:59:181 [WARN]	Request Failed. ErrorCode: 112029 errorMessage: Platform Status, Send Request Failed. WinHTTP Cannot Connect. last error code = 12029 
23:15:51:185 [WARN]	Request Failed. ErrorCode: 112029 errorMessage: Platform Status, Send Request Failed. WinHTTP Cannot Connect. last error code = 12029 
23:16:05:206 [WARN]	Request Failed. ErrorCode: 112029 errorMessage: Platform Status, Send Request Failed. WinHTTP Cannot Connect. last error code = 12029 
23:16:55:217 [WARN]	Request Failed. ErrorCode: 112029 errorMessage: Platform Status, Send Request Failed. WinHTTP Cannot Connect. last error code = 12029 
23:17:01:234 [WARN]	Request Failed. ErrorCode: 112029 errorMessage: Platform Status, Send Request Failed. WinHTTP Cannot Connect. last error code = 12029 
23:17:35:246 [WARN]	Request Failed. ErrorCode: 112029 errorMessage: Platform Status, Send Request Failed. WinHTTP Cannot Connect. last error code = 12029 
23:18:17:266 [WARN]	Request Failed. ErrorCode: 112029 errorMessage: Platform Status, Send Request Failed. WinHTTP Cannot Connect. last error code = 12029 
23:18:49:275 [WARN]	Request Failed. ErrorCode: 112029 errorMessage: Platform Status, Send Request Failed. WinHTTP Cannot Connect. last error code = 12029 
23:19:37:298 [WARN]	Request Failed. ErrorCode: 112029 errorMessage: Platform Status, Send Request Failed. WinHTTP Cannot Connect. last error code = 12029 
23:19:53:312 [WARN]	Request Failed. ErrorCode: 112029 errorMessage: Platform Status, Send Request Failed. WinHTTP Cannot Connect. last error code = 12029 
23:20:27:317 [WARN]	Request Failed. ErrorCode: 112029 errorMessage: Platform Status, Send Request Failed. WinHTTP Cannot Connect. last error code = 12029 
23:21:17:332 [WARN]	Request Failed. ErrorCode: 112029 errorMessage: Platform Status, Send Request Failed. WinHTTP Cannot Connect. last error code = 12029 
23:21:41:344 [WARN]	Request Failed. ErrorCode: 112029 errorMessage: Platform Status, Send Request Failed. WinHTTP Cannot Connect. last error code = 12029 
23:21:43:352 [WARN]	Request Failed. ErrorCode: 112029 errorMessage: Platform Status, Send Request Failed. WinHTTP Cannot Connect. last error code = 12029 
23:21:55:355 [WARN]	Request Failed. ErrorCode: 112029 errorMessage: Platform Status, Send Request Failed. WinHTTP Cannot Connect. last error code = 12029 
23:22:55:363 [WARN]	Request Failed. ErrorCode: 112029 errorMessage: Platform Status, Send Request Failed. WinHTTP Cannot Connect. last error code = 12029 
23:23:23:376 [WARN]	Request Failed. ErrorCode: 112029 errorMessage: Platform Status, Send Request Failed. WinHTTP Cannot Connect. last error code = 12029 
23:23:25:386 [WARN]	Request Failed. ErrorCode: 112029 errorMessage: Platform Status, Send Request Failed. WinHTTP Cannot Connect. last error code = 12029 
23:23:57:399 [WARN]	Request Failed. ErrorCode: 112029 errorMessage: Platform Status, Send Request Failed. WinHTTP Cannot Connect. last error code = 12029 
23:24:53:408 [WARN]	Request Failed. ErrorCode: 112029 errorMessage: Platform Status, Send Request Failed. WinHTTP Cannot Connect. last error code = 12029 
23:25:53:425 [WARN]	Request Failed. ErrorCode: 112029 errorMessage: Platform Status, Send Request Failed. WinHTTP Cannot Connect. last error code = 12029 
23:26:43:454 [WARN]	Request Failed. ErrorCode: 112029 errorMessage: Platform Status, Send Request Failed. WinHTTP Cannot Connect. last error code = 12029 
23:27:17:464 [WARN]	Request Failed. ErrorCode: 112029 errorMessage: Platform Status, Send Request Failed. WinHTTP Cannot Connect. last error code = 12029 
23:28:19:486 [WARN]	Request Failed. ErrorCode: 112029 errorMessage: Platform Status, Send Request Failed. WinHTTP Cannot Connect. last error code = 12029 
23:28:23:495 [WARN]	Request Failed. ErrorCode: 112029 errorMessage: Platform Status, Send Request Failed. WinHTTP Cannot Connect. last error code = 12029 
23:28:33:498 [WARN]	Request Failed. ErrorCode: 112029 errorMessage: Platform Status, Send Request Failed. WinHTTP Cannot Connect. last error code = 12029 
23:28:37:501 [WARN]	Request Failed. ErrorCode: 112029 errorMessage: Platform Status, Send Request Failed. WinHTTP Cannot Connect. last error code = 12029 
23:29:01:521 [WARN]	Request Failed. ErrorCode: 112029 errorMessage: Platform Status, Send Request Failed. WinHTTP Cannot Connect. last error code = 12029 
23:29:55:527 [WARN]	Request Failed. ErrorCode: 112029 errorMessage: Platform Status, Send Request Failed. WinHTTP Cannot Connect. last error code = 12029 
23:30:35:545 [WARN]	Request Failed. ErrorCode: 112029 errorMessage: Platform Status, Send Request Failed. WinHTTP Cannot Connect. last error code = 12029 
23:30:49:549 [WARN]	Request Failed. ErrorCode: 112029 errorMessage: Platform Status, Send Request Failed. WinHTTP Cannot Connect. last error code = 12029 
23:30:59:559 [WARN]	Request Failed. ErrorCode: 112029 errorMessage: Platform Status, Send Request Failed. WinHTTP Cannot Connect. last error code = 12029 
23:31:47:562 [WARN]	Request Failed. ErrorCode: 112029 errorMessage: Platform Status, Send Request Failed. WinHTTP Cannot Connect. last error code = 12029 
23:32:07:578 [WARN]	Request Failed. ErrorCode: 112029 errorMessage: Platform Status, Send Request Failed. WinHTTP Cannot Connect. last error code = 12029 
23:32:19:585 [WARN]	Request Failed. ErrorCode: 112029 errorMessage: Platform Status, Send Request Failed. WinHTTP Cannot Connect. last error code = 12029 
23:32:37:599 [WARN]	Request Failed. ErrorCode: 112029 errorMessage: Platform Status, Send Request Failed. WinHTTP Cannot Connect. last error code = 12029 
23:32:55:611 [WARN]	Request Failed. ErrorCode: 112029 errorMessage: Platform Status, Send Request Failed. WinHTTP Cannot Connect. last error code = 12029 
23:32:59:617 [WARN]	Request Failed. ErrorCode: 112029 errorMessage: Platform Status, Send Request Failed. WinHTTP Cannot Connect. last error code = 12029 
23:33:49:627 [WARN]	Request Failed. ErrorCode: 112029 errorMessage: Platform Status, Send Request Failed. WinHTTP Cannot Connect. last error code = 12029 
23:34:41:644 [WARN]	Request Failed. ErrorCode: 112029 errorMessage: Platform Status, Send Request Failed. WinHTTP Cannot Connect. last error code = 12029 
23:35:25:655 [WARN]	Request Failed. ErrorCode: 112029 errorMessage: Platform Status, Send Request Failed. WinHTTP Cannot Connect. last error code = 12029 
23:36:13:666 [WARN]	Request Failed. ErrorCode: 112029 errorMessage: Platform Status, Send Request Failed. WinHTTP Cannot Connect. last error code = 12029 
23:36:17:669 [WARN]	Request Failed. ErrorCode: 112029 errorMessage: Platform Status, Send Request Failed. WinHTTP Cannot Connect. last error code = 12029 
23:36:23:673 [WARN]	Request Failed. ErrorCode: 112029 errorMessage: Platform Status, Send Request Failed. WinHTTP Cannot Connect. last error code = 12029 
23:36:57:687 [WARN]	Request Failed. ErrorCode: 112029 errorMessage: Platform Status, Send Request Failed. WinHTTP Cannot Connect. last error code = 12029 
23:37:09:690 [WARN]	Request Failed. ErrorCode: 112029 errorMessage: Platform Status, Send Request Failed. WinHTTP Cannot Connect. last error code = 12029 
23:38:11:708 [WARN]	Request Failed. ErrorCode: 112029 errorMessage: Platform Status, Send Request Failed. WinHTTP Cannot Connect. last error code = 12029 
23:39:03:724 [WARN]	Request Failed. ErrorCode: 112029 errorMessage: Platform Status, Send Request Failed. WinHTTP Cannot Connect. last error code = 12029 
23:39:21:735 [WARN]	Request Failed. ErrorCode: 112029 errorMessage: Platform Status, Send Request Failed. WinHTTP Cannot Connect. last error code = 12029 
23:39:47:740 [WARN]	Request Failed. ErrorCode: 112029 errorMessage: Platform Status, Send Request Failed. WinHTTP Cannot Connect. last error code = 12029 
23:40:47:758 [WARN]	Request Failed. ErrorCode: 112029 errorMessage: Platform Status, Send Request Failed. WinHTTP Cannot Connect. last error code = 12029 
23:40:51:769 [WARN]	Request Failed. ErrorCode: 112029 errorMessage: Platform Status, Send Request Failed. WinHTTP Cannot Connect. last error code = 12029 
23:40:51:778 [WARN]	Request Failed. ErrorCode: 112029 errorMessage: Platform Status, Send Request Failed. WinHTTP Cannot Connect. last error code = 12029 
23:41:35:790 [WARN]	Request Failed. ErrorCode: 112029 errorMessage: Platform Status, Send Request Failed. WinHTTP Cannot Connect. last error code = 12029 
23:42:11:806 [WARN]	Request Failed. ErrorCode: 112029 errorMessage: Platform Status, Send Request Failed. WinHTTP Cannot Connect. last error code = 12029 
23:42:51:810 [WARN]	Request Failed. ErrorCode: 112029 errorMessage: Platform Status, Send Request Failed. WinHTTP Cannot Connect. last error code = 12029 
23:43:53:829 [WARN]	Request Failed. ErrorCode: 112029 errorMessage: Platform Status, Send Request Failed. WinHTTP Cannot Connect. last error code = 12029 
23:44:43:836 [WARN]	Request Failed. ErrorCode: 112029 errorMessage: Platform Status, Send Request Failed. WinHTTP Cannot Connect. last error code = 12029 
23:44:55:856 [WARN]	Request Failed. ErrorCode: 112029 errorMessage: Platform Status, Send Request Failed. WinHTTP Cannot Connect. last error code = 12029 
23:45:57:871 [WARN]	Request Failed. ErrorCode: 112029 errorMessage: Platform Status, Send Request Failed. WinHTTP Cannot Connect. last error code = 12029 
23:46:15:882 [WARN]	Request Failed. ErrorCode: 112029 errorMessage: Platform Status, Send Request Failed. WinHTTP Cannot Connect. last error code = 12029 
23:47:15:898 [WARN]	Request Failed. ErrorCode: 112029 errorMessage: Platform Status, Send Request Failed. WinHTTP Cannot Connect. last error code = 12029 
23:47:49:934 [WARN]	Request Failed. ErrorCode: 112029 errorMessage: Platform Status, Send Request Failed. WinHTTP Cannot Connect. last error code = 12029 
23:48:15:945 [WARN]	Request Failed. ErrorCode: 112029 errorMessage: Platform Status, Send Request Failed. WinHTTP Cannot Connect. last error code = 12029 
23:48:43:955 [WARN]	Request Failed. ErrorCode: 112029 errorMessage: Platform Status, Send Request Failed. WinHTTP Cannot Connect. last error code = 12029 
23:48:49:961 [WARN]	Request Failed. ErrorCode: 112029 errorMessage: Platform Status, Send Request Failed. WinHTTP Cannot Connect. last error code = 12029 
23:49:13:965 [WARN]	Request Failed. ErrorCode: 112029 errorMessage: Platform Status, Send Request Failed. WinHTTP Cannot Connect. last error code = 12029 
23:49:29:970 [WARN]	Request Failed. ErrorCode: 112029 errorMessage: Platform Status, Send Request Failed. WinHTTP Cannot Connect. last error code = 12029 
23:49:31:973 [WARN]	Request Failed. ErrorCode: 112029 errorMessage: Platform Status, Send Request Failed. WinHTTP Cannot Connect. last error code = 12029 
23:50:31:981 [WARN]	Request Failed. ErrorCode: 112029 errorMessage: Platform Status, Send Request Failed. WinHTTP Cannot Connect. last error code = 12029 
23:50:31:983 [WARN]	Request Failed. ErrorCode: 112029 errorMessage: Platform Status, Send Request Failed. WinHTTP Cannot Connect. last error code = 12029 
23:51:30:004 [WARN]	Request Failed. ErrorCode: 112029 errorMessage: Platform Status, Send Request Failed. WinHTTP Cannot Connect. last error code = 12029 
23:51:52:007 [WARN]	Request Failed. ErrorCode: 112029 errorMessage: Platform Status, Send Request Failed. WinHTTP Cannot Connect. last error code = 12029 
23:51:56:013 [WARN]	Request Failed. ErrorCode: 112029 errorMessage: Platform Status, Send Request Failed. WinHTTP Cannot Connect. last error code = 12029 
23:52:02:021 [WARN]	Request Failed. ErrorCode: 112029 errorMessage: Platform Status, Send Request Failed. WinHTTP Cannot Connect. last error code = 12029 
23:53:04:033 [WARN]	Request Failed. ErrorCode: 112029 errorMessage: Platform Status, Send Request Failed. WinHTTP Cannot Connect. last error code = 12029 
23:53:06:040 [WARN]	Request Failed. ErrorCode: 112029 errorMessage: Platform Status, Send Request Failed. WinHTTP Cannot Connect. last error code = 12029 
23:53:20:054 [WARN]	Request Failed. ErrorCode: 112029 errorMessage: Platform Status, Send Request Failed. WinHTTP Cannot Connect. last error code = 12029 
23:53:28:066 [WARN]	Request Failed. ErrorCode: 112029 errorMessage: Platform Status, Send Request Failed. WinHTTP Cannot Connect. last error code = 12029 
23:53:58:070 [WARN]	Request Failed. ErrorCode: 112029 errorMessage: Platform Status, Send Request Failed. WinHTTP Cannot Connect. last error code = 12029 
23:54:38:080 [WARN]	Request Failed. ErrorCode: 112029 errorMessage: Platform Status, Send Request Failed. WinHTTP Cannot Connect. last error code = 12029 
23:54:48:084 [WARN]	Request Failed. ErrorCode: 112029 errorMessage: Platform Status, Send Request Failed. WinHTTP Cannot Connect. last error code = 12029 
23:54:58:094 [WARN]	Request Failed. ErrorCode: 112029 errorMessage: Platform Status, Send Request Failed. WinHTTP Cannot Connect. last error code = 12029 
23:55:52:119 [WARN]	Request Failed. ErrorCode: 112029 errorMessage: Platform Status, Send Request Failed. WinHTTP Cannot Connect. last error code = 12029 
23:56:08:135 [WARN]	Request Failed. ErrorCode: 112029 errorMessage: Platform Status, Send Request Failed. WinHTTP Cannot Connect. last error code = 12029 
23:56:10:143 [WARN]	Request Failed. ErrorCode: 112029 errorMessage: Platform Status, Send Request Failed. WinHTTP Cannot Connect. last error code = 12029 
23:56:28:160 [WARN]	Request Failed. ErrorCode: 112029 errorMessage: Platform Status, Send Request Failed. WinHTTP Cannot Connect. last error code = 12029 
23:56:38:170 [WARN]	Request Failed. ErrorCode: 112029 errorMessage: Platform Status, Send Request Failed. WinHTTP Cannot Connect. last error code = 12029 
23:56:52:173 [WARN]	Request Failed. ErrorCode: 112029 errorMessage: Platform Status, Send Request Failed. WinHTTP Cannot Connect. last error code = 12029 
23:57:16:185 [WARN]	Request Failed. ErrorCode: 112029 errorMessage: Platform Status, Send Request Failed. WinHTTP Cannot Connect. last error code = 12029 
23:57:44:187 [WARN]	Request Failed. ErrorCode: 112029 errorMessage: Platform Status, Send Request Failed. WinHTTP Cannot Connect. last error code = 12029 
23:57:56:201 [WARN]	Request Failed. ErrorCode: 112029 errorMessage: Platform Status, Send Request Failed. WinHTTP Cannot Connect. last error code = 12029 
23:58:40:222 [WARN]	Request Failed. ErrorCode: 112029 errorMessage: Platform Status, Send Request Failed. WinHTTP Cannot Connect. last error code = 12029 
23:58:56:225 [WARN]	Request Failed. ErrorCode: 112029 errorMessage: Platform Status, Send Request Failed. WinHTTP Cannot Connect. last error code = 12029 
23:59:52:249 [WARN]	Request Failed. ErrorCode: 112029 errorMessage: Platform Status, Send Request Failed. WinHTTP Cannot Connect. last error code = 12029 
